{
"contracts/Raffle.sol":{"l":{"58":3,"59":3,"60":3,"61":3,"62":3,"63":3,"64":3,"65":3,"71":15,"72":1,"74":14,"75":1,"77":13,"80":13,"95":10,"96":10,"97":10,"98":10,"99":10,"100":10,"108":6,"110":6,"111":1,"117":5,"118":5,"126":5,"143":1,"144":1,"145":1,"146":1,"147":1,"148":1,"149":1,"151":1,"152":0,"154":1,"160":4,"164":0,"168":0,"172":1,"176":2,"180":2,"184":14,"188":14,"192":0},"path":"/mnt/d/Sistema/Marc/Escritorio/PERSONAL/Solidity/FCC-course/fcc-hardhat/hardhat-smartcontract-lottery/contracts/Raffle.sol","s":{"1":15,"2":14,"3":13,"4":13,"5":10,"6":10,"7":10,"8":10,"9":10,"10":6,"11":6,"12":5,"13":5,"14":1,"15":1,"16":1,"17":1,"18":1,"19":4,"20":0,"21":0,"22":1,"23":2,"24":2,"25":14,"26":14,"27":0},"b":{"1":[1,14],"2":[1,13],"3":[1,5],"4":[0,1]},"f":{"1":3,"2":15,"3":10,"4":6,"5":1,"6":4,"7":0,"8":0,"9":1,"10":2,"11":2,"12":14,"13":14,"14":0},"fnMap":{"1":{"name":"constructor","line":57,"loc":{"start":{"line":50,"column":4},"end":{"line":66,"column":4}}},"2":{"name":"enterRaffle","line":68,"loc":{"start":{"line":68,"column":4},"end":{"line":81,"column":4}}},"3":{"name":"checkUpkeep","line":92,"loc":{"start":{"line":92,"column":4},"end":{"line":101,"column":4}}},"4":{"name":"performUpkeep","line":107,"loc":{"start":{"line":107,"column":4},"end":{"line":127,"column":4}}},"5":{"name":"fulfillRandomWords","line":133,"loc":{"start":{"line":133,"column":4},"end":{"line":155,"column":4}}},"6":{"name":"getRaffleState","line":159,"loc":{"start":{"line":159,"column":4},"end":{"line":161,"column":4}}},"7":{"name":"getNumWords","line":163,"loc":{"start":{"line":163,"column":4},"end":{"line":165,"column":4}}},"8":{"name":"getRequestConfirmations","line":167,"loc":{"start":{"line":167,"column":4},"end":{"line":169,"column":4}}},"9":{"name":"getRecentWinner","line":171,"loc":{"start":{"line":171,"column":4},"end":{"line":173,"column":4}}},"10":{"name":"getPlayer","line":175,"loc":{"start":{"line":175,"column":4},"end":{"line":177,"column":4}}},"11":{"name":"getLastTimeStamp","line":179,"loc":{"start":{"line":179,"column":4},"end":{"line":181,"column":4}}},"12":{"name":"getInterval","line":183,"loc":{"start":{"line":183,"column":4},"end":{"line":185,"column":4}}},"13":{"name":"getEntranceFee","line":187,"loc":{"start":{"line":187,"column":4},"end":{"line":189,"column":4}}},"14":{"name":"getNumberOfPlayers","line":191,"loc":{"start":{"line":191,"column":4},"end":{"line":193,"column":4}}}},"statementMap":{"1":{"start":{"line":71,"column":8},"end":{"line":71,"column":2503}},"2":{"start":{"line":74,"column":8},"end":{"line":74,"column":2606}},"3":{"start":{"line":77,"column":8},"end":{"line":77,"column":42}},"4":{"start":{"line":80,"column":8},"end":{"line":80,"column":36}},"5":{"start":{"line":95,"column":8},"end":{"line":95,"column":55}},"6":{"start":{"line":96,"column":8},"end":{"line":96,"column":76}},"7":{"start":{"line":97,"column":8},"end":{"line":97,"column":46}},"8":{"start":{"line":98,"column":8},"end":{"line":98,"column":51}},"9":{"start":{"line":100,"column":8},"end":{"line":100,"column":36}},"10":{"start":{"line":108,"column":8},"end":{"line":108,"column":47}},"11":{"start":{"line":110,"column":8},"end":{"line":110,"column":4186}},"12":{"start":{"line":118,"column":8},"end":{"line":118,"column":4446}},"13":{"start":{"line":126,"column":8},"end":{"line":126,"column":45}},"14":{"start":{"line":143,"column":8},"end":{"line":143,"column":65}},"15":{"start":{"line":144,"column":8},"end":{"line":144,"column":63}},"16":{"start":{"line":149,"column":8},"end":{"line":149,"column":78}},"17":{"start":{"line":151,"column":8},"end":{"line":151,"column":5620}},"18":{"start":{"line":154,"column":8},"end":{"line":154,"column":39}},"19":{"start":{"line":160,"column":8},"end":{"line":160,"column":28}},"20":{"start":{"line":164,"column":8},"end":{"line":164,"column":24}},"21":{"start":{"line":168,"column":8},"end":{"line":168,"column":36}},"22":{"start":{"line":172,"column":8},"end":{"line":172,"column":29}},"23":{"start":{"line":176,"column":8},"end":{"line":176,"column":31}},"24":{"start":{"line":180,"column":8},"end":{"line":180,"column":30}},"25":{"start":{"line":184,"column":8},"end":{"line":184,"column":25}},"26":{"start":{"line":188,"column":8},"end":{"line":188,"column":28}},"27":{"start":{"line":192,"column":8},"end":{"line":192,"column":31}}},"branchMap":{"1":{"line":71,"type":"if","locations":[{"start":{"line":71,"column":8},"end":{"line":71,"column":8}},{"start":{"line":71,"column":8},"end":{"line":71,"column":8}}]},"2":{"line":74,"type":"if","locations":[{"start":{"line":74,"column":8},"end":{"line":74,"column":8}},{"start":{"line":74,"column":8},"end":{"line":74,"column":8}}]},"3":{"line":110,"type":"if","locations":[{"start":{"line":110,"column":8},"end":{"line":110,"column":8}},{"start":{"line":110,"column":8},"end":{"line":110,"column":8}}]},"4":{"line":151,"type":"if","locations":[{"start":{"line":151,"column":8},"end":{"line":151,"column":8}},{"start":{"line":151,"column":8},"end":{"line":151,"column":8}}]}}},
"contracts/test/VRFCoordinatorV2Mock.sol":{"l":{},"path":"/mnt/d/Sistema/Marc/Escritorio/PERSONAL/Solidity/FCC-course/fcc-hardhat/hardhat-smartcontract-lottery/contracts/test/VRFCoordinatorV2Mock.sol","s":{},"b":{},"f":{},"fnMap":{},"statementMap":{},"branchMap":{}}}
